{
  "0 debug pnpm:scope": {
    "selected": 1
  },
  "1 error pnpm": {
    "code": "ELIFECYCLE",
    "errno": "ENOENT",
    "syscall": "spawn",
    "file": "sh",
    "pkgid": "svelte-form-gen@0.0.1",
    "stage": "package",
    "script": "svelte-kit package",
    "pkgname": "svelte-form-gen",
    "err": {
      "name": "pnpm",
      "message": "svelte-form-gen@0.0.1 package: `svelte-kit package`\nspawn ENOENT",
      "code": "ELIFECYCLE",
      "stack": "pnpm: svelte-form-gen@0.0.1 package: `svelte-kit package`\nspawn ENOENT\n    at ChildProcess.<anonymous> (/home/vilsol/.nvm/versions/node/v16.13.1/lib/node_modules/pnpm/dist/pnpm.cjs:91776:22)\n    at ChildProcess.emit (node:events:390:28)\n    at maybeClose (node:internal/child_process:1064:16)\n    at Process.ChildProcess._handle.onexit (node:internal/child_process:301:5)"
    }
  },
  "2 warn pnpm:global": " Local package.json exists, but node_modules missing, did you mean to install?"
}